\BOOKMARK [0][-]{section*.1}{List of Figures}{}% 1
\BOOKMARK [0][-]{section*.2}{List of Tables}{}% 2
\BOOKMARK [0][-]{chapter*.3}{List of Algorithms}{}% 3
\BOOKMARK [0][-]{section*.4}{List of Acronyms}{}% 4
\BOOKMARK [0][-]{chapter.1}{DNS}{}% 5
\BOOKMARK [1][-]{section.1.1}{Introduction}{chapter.1}% 6
\BOOKMARK [1][-]{section.1.2}{Structure}{chapter.1}% 7
\BOOKMARK [1][-]{section.1.3}{How it works}{chapter.1}% 8
\BOOKMARK [0][-]{chapter.2}{DNS Tunneling}{}% 9
\BOOKMARK [0][-]{chapter.3}{DNS Tunneling Detection}{}% 10
\BOOKMARK [1][-]{section.3.1}{Traffic analysis}{chapter.3}% 11
\BOOKMARK [0][-]{chapter.4}{Machine Learning}{}% 12
\BOOKMARK [1][-]{section.4.1}{The Basics}{chapter.4}% 13
\BOOKMARK [1][-]{section.4.2}{Anomaly Detection}{chapter.4}% 14
\BOOKMARK [1][-]{section.4.3}{Scikit-learn}{chapter.4}% 15
\BOOKMARK [2][-]{subsection.4.3.1}{Models}{section.4.3}% 16
\BOOKMARK [0][-]{chapter.5}{Results}{}% 17
\BOOKMARK [1][-]{section.5.1}{Scaled data vs unscaled data}{chapter.5}% 18
\BOOKMARK [1][-]{section.5.2}{Different axes}{chapter.5}% 19
\BOOKMARK [1][-]{section.5.3}{Different parameters}{chapter.5}% 20
\BOOKMARK [0][-]{chapter.6}{Conclusion}{}% 21
\BOOKMARK [0][-]{section*.13}{References}{}% 22
\BOOKMARK [0][-]{appendix.A}{Parser program}{}% 23
